#-----------------------------------------------------------
# Vivado v2024.1 (64-bit)
# SW Build 5076996 on Wed May 22 18:37:14 MDT 2024
# IP Build 5075265 on Wed May 22 21:45:21 MDT 2024
# SharedData Build 5076995 on Wed May 22 18:29:18 MDT 2024
# Start of session at: Sun Apr 13 03:20:31 2025
# Process ID: 19468
# Current directory: C:/Users/jojok/Desktop/university/Project/netlistCHSplit/ip/ChannelSplit/src
# Command line: vivado.exe -mode batch -source ProjectGeneration.tcl -notrace
# Log file: C:/Users/jojok/Desktop/university/Project/netlistCHSplit/ip/ChannelSplit/src/vivado.log
# Journal file: C:/Users/jojok/Desktop/university/Project/netlistCHSplit/ip/ChannelSplit/src\vivado.jou
# Running On        :DESKTOP-A4M58OC
# Platform          :Windows Server 2016 or Windows 10
# Operating System  :19045
# Processor Detail  :Intel(R) Core(TM) i5-6500 CPU @ 3.20GHz
# CPU Frequency     :3192 MHz
# CPU Physical cores:4
# CPU Logical cores :4
# Host memory       :17133 MB
# Swap memory       :26843 MB
# Total Virtual     :43976 MB
# Available Virtual :8926 MB
#-----------------------------------------------------------
source ProjectGeneration.tcl -notrace
INFO: [ProjectBase 1-489] The host OS only allows 260 characters in a normal path. The project is stored in a path with more than 80 characters. If you experience issues with IP, Block Designs, or files not being found, please consider moving the project to a location with a shorter path. Alternately consider using the OS subst command to map part of the path to a drive letter.
Current project path is 'C:/Users/jojok/Desktop/university/Project/netlistCHSplit/ip/ChannelSplit/src/ip_catalog'
create_project: Time (s): cpu = 00:00:10 ; elapsed = 00:00:35 . Memory (MB): peak = 506.789 ; gain = 204.156
WARNING: [Coretcl 2-176] No IPs found
INFO: [IP_Flow 19-234] Refreshing IP repositories
INFO: [IP_Flow 19-1704] No user IP repositories specified
INFO: [IP_Flow 19-2313] Loaded Vivado IP repository 'D:/XilinxAMD/Vivado/2024.1/data/ip'.
WARNING: [IP_Flow 19-4832] The IP name 'channelsplit_c_addsub_v12_0_i0' you have specified is long. The Windows operating system has path length limitations. It is recommended you use shorter names to reduce the likelihood of issues.
create_ip: Time (s): cpu = 00:00:02 ; elapsed = 00:00:09 . Memory (MB): peak = 559.230 ; gain = 48.473
WARNING: [Vivado 12-3523] Attempt to change 'Component_Name' from 'channelsplit_c_addsub_v12_0_i0' to 'channelsplit_c_addsub_v12_0_i0' is not allowed and is ignored.
WARNING: [IP_Flow 19-3374] An attempt to modify the value of disabled parameter 'B_Value' from '000000000000000000000000000000000' to '0' has been ignored for IP 'channelsplit_c_addsub_v12_0_i0'
WARNING: [IP_Flow 19-3374] An attempt to modify the value of disabled parameter 'Bypass_Sense' from 'Active_High' to 'Active_Low' has been ignored for IP 'channelsplit_c_addsub_v12_0_i0'
WARNING: [IP_Flow 19-3374] An attempt to modify the value of disabled parameter 'Bypass_CE_Priority' from 'CE_Overrides_Bypass' to 'Bypass_Overrides_CE' has been ignored for IP 'channelsplit_c_addsub_v12_0_i0'
WARNING: [IP_Flow 19-4832] The IP name 'channelsplit_c_addsub_v12_0_i1' you have specified is long. The Windows operating system has path length limitations. It is recommended you use shorter names to reduce the likelihood of issues.
WARNING: [Vivado 12-3523] Attempt to change 'Component_Name' from 'channelsplit_c_addsub_v12_0_i1' to 'channelsplit_c_addsub_v12_0_i1' is not allowed and is ignored.
WARNING: [IP_Flow 19-3374] An attempt to modify the value of disabled parameter 'B_Value' from '000000000000000000000000000000000' to '0' has been ignored for IP 'channelsplit_c_addsub_v12_0_i1'
WARNING: [IP_Flow 19-3374] An attempt to modify the value of disabled parameter 'Bypass_Sense' from 'Active_High' to 'Active_Low' has been ignored for IP 'channelsplit_c_addsub_v12_0_i1'
WARNING: [IP_Flow 19-3374] An attempt to modify the value of disabled parameter 'Bypass_CE_Priority' from 'CE_Overrides_Bypass' to 'Bypass_Overrides_CE' has been ignored for IP 'channelsplit_c_addsub_v12_0_i1'
WARNING: [IP_Flow 19-4832] The IP name 'channelsplit_fir_compiler_v7_2_i0' you have specified is long. The Windows operating system has path length limitations. It is recommended you use shorter names to reduce the likelihood of issues.
WARNING: [Vivado 12-3523] Attempt to change 'Component_Name' from 'channelsplit_fir_compiler_v7_2_i0' to 'channelsplit_fir_compiler_v7_2_i0' is not allowed and is ignored.
WARNING: [IP_Flow 19-4832] The IP name 'channelsplit_fir_compiler_v7_2_i1' you have specified is long. The Windows operating system has path length limitations. It is recommended you use shorter names to reduce the likelihood of issues.
WARNING: [Vivado 12-3523] Attempt to change 'Component_Name' from 'channelsplit_fir_compiler_v7_2_i1' to 'channelsplit_fir_compiler_v7_2_i1' is not allowed and is ignored.
WARNING: [IP_Flow 19-4832] The IP name 'channelsplit_fir_compiler_v7_2_i2' you have specified is long. The Windows operating system has path length limitations. It is recommended you use shorter names to reduce the likelihood of issues.
WARNING: [Vivado 12-3523] Attempt to change 'Component_Name' from 'channelsplit_fir_compiler_v7_2_i2' to 'channelsplit_fir_compiler_v7_2_i2' is not allowed and is ignored.
WARNING: [IP_Flow 19-4832] The IP name 'channelsplit_fir_compiler_v7_2_i3' you have specified is long. The Windows operating system has path length limitations. It is recommended you use shorter names to reduce the likelihood of issues.
WARNING: [Vivado 12-3523] Attempt to change 'Component_Name' from 'channelsplit_fir_compiler_v7_2_i3' to 'channelsplit_fir_compiler_v7_2_i3' is not allowed and is ignored.
WARNING: [IP_Flow 19-4832] The IP name 'channelsplit_fir_compiler_v7_2_i4' you have specified is long. The Windows operating system has path length limitations. It is recommended you use shorter names to reduce the likelihood of issues.
WARNING: [Vivado 12-3523] Attempt to change 'Component_Name' from 'channelsplit_fir_compiler_v7_2_i4' to 'channelsplit_fir_compiler_v7_2_i4' is not allowed and is ignored.
WARNING: [IP_Flow 19-4832] The IP name 'channelsplit_fir_compiler_v7_2_i5' you have specified is long. The Windows operating system has path length limitations. It is recommended you use shorter names to reduce the likelihood of issues.
WARNING: [Vivado 12-3523] Attempt to change 'Component_Name' from 'channelsplit_fir_compiler_v7_2_i5' to 'channelsplit_fir_compiler_v7_2_i5' is not allowed and is ignored.
WARNING: [IP_Flow 19-4832] The IP name 'channelsplit_fir_compiler_v7_2_i6' you have specified is long. The Windows operating system has path length limitations. It is recommended you use shorter names to reduce the likelihood of issues.
WARNING: [Vivado 12-3523] Attempt to change 'Component_Name' from 'channelsplit_fir_compiler_v7_2_i6' to 'channelsplit_fir_compiler_v7_2_i6' is not allowed and is ignored.
WARNING: [IP_Flow 19-4832] The IP name 'channelsplit_fir_compiler_v7_2_i7' you have specified is long. The Windows operating system has path length limitations. It is recommended you use shorter names to reduce the likelihood of issues.
WARNING: [Vivado 12-3523] Attempt to change 'Component_Name' from 'channelsplit_fir_compiler_v7_2_i7' to 'channelsplit_fir_compiler_v7_2_i7' is not allowed and is ignored.
IP Repository Located at : D:/XilinxAMD/Vivado/2024.1/data/ip
INFO: [ProjectBase 1-489] The host OS only allows 260 characters in a normal path. The project is stored in a path with more than 80 characters. If you experience issues with IP, Block Designs, or files not being found, please consider moving the project to a location with a shorter path. Alternately consider using the OS subst command to map part of the path to a drive letter.
Current project path is 'C:/Users/jojok/Desktop/university/Project/netlistCHSplit/ip/ChannelSplit/src/ip_catalog'
Scanning sources...
Finished scanning sources
INFO: [IP_Flow 19-234] Refreshing IP repositories
INFO: [IP_Flow 19-1704] No user IP repositories specified
INFO: [IP_Flow 19-2313] Loaded Vivado IP repository 'D:/XilinxAMD/Vivado/2024.1/data/ip'.
Adding File c:/Users/jojok/Desktop/university/Project/netlistCHSplit/ip/ChannelSplit/src/ip_catalog/channelsplit.srcs/sources_1/ip/channelsplit_c_addsub_v12_0_i0/channelsplit_c_addsub_v12_0_i0.xci
Adding File c:/Users/jojok/Desktop/university/Project/netlistCHSplit/ip/ChannelSplit/src/ip_catalog/channelsplit.srcs/sources_1/ip/channelsplit_c_addsub_v12_0_i1/channelsplit_c_addsub_v12_0_i1.xci
Adding File c:/Users/jojok/Desktop/university/Project/netlistCHSplit/ip/ChannelSplit/src/ip_catalog/channelsplit.srcs/sources_1/ip/channelsplit_fir_compiler_v7_2_i0/channelsplit_fir_compiler_v7_2_i0.xci
Adding File c:/Users/jojok/Desktop/university/Project/netlistCHSplit/ip/ChannelSplit/src/ip_catalog/channelsplit.srcs/sources_1/ip/channelsplit_fir_compiler_v7_2_i1/channelsplit_fir_compiler_v7_2_i1.xci
Adding File c:/Users/jojok/Desktop/university/Project/netlistCHSplit/ip/ChannelSplit/src/ip_catalog/channelsplit.srcs/sources_1/ip/channelsplit_fir_compiler_v7_2_i2/channelsplit_fir_compiler_v7_2_i2.xci
Adding File c:/Users/jojok/Desktop/university/Project/netlistCHSplit/ip/ChannelSplit/src/ip_catalog/channelsplit.srcs/sources_1/ip/channelsplit_fir_compiler_v7_2_i3/channelsplit_fir_compiler_v7_2_i3.xci
Adding File c:/Users/jojok/Desktop/university/Project/netlistCHSplit/ip/ChannelSplit/src/ip_catalog/channelsplit.srcs/sources_1/ip/channelsplit_fir_compiler_v7_2_i4/channelsplit_fir_compiler_v7_2_i4.xci
Adding File c:/Users/jojok/Desktop/university/Project/netlistCHSplit/ip/ChannelSplit/src/ip_catalog/channelsplit.srcs/sources_1/ip/channelsplit_fir_compiler_v7_2_i5/channelsplit_fir_compiler_v7_2_i5.xci
Adding File c:/Users/jojok/Desktop/university/Project/netlistCHSplit/ip/ChannelSplit/src/ip_catalog/channelsplit.srcs/sources_1/ip/channelsplit_fir_compiler_v7_2_i6/channelsplit_fir_compiler_v7_2_i6.xci
Adding File c:/Users/jojok/Desktop/university/Project/netlistCHSplit/ip/ChannelSplit/src/ip_catalog/channelsplit.srcs/sources_1/ip/channelsplit_fir_compiler_v7_2_i7/channelsplit_fir_compiler_v7_2_i7.xci
Adding File C:/Users/jojok/Desktop/university/Project/netlistCHSplit/ip/ChannelSplit/src/sysgen/channelsplit.xdc
INFO: [IP_Flow 19-5107] Inferred bus interface 'm_axis' of definition 'xilinx.com:interface:axis:1.0' (from TCL Argument).
INFO: [IP_Flow 19-5107] Inferred bus interface 's_axis' of definition 'xilinx.com:interface:axis:1.0' (from TCL Argument).
INFO: [IP_Flow 19-5107] Inferred bus interface 'clk' of definition 'xilinx.com:signal:clock:1.0' (from TCL Argument).
INFO: [IP_Flow 19-4728] Bus Interface 'clk': Added interface parameter 'ASSOCIATED_BUSIF' with value 'm_axis'.
WARNING: [IP_Flow 19-11770] Clock interface 'clk' has no FREQ_HZ parameter.
INFO: [IP_Flow 19-2181] Payment is not required for this core.
WARNING: [IP_Flow 19-2187] The Product Guide file is missing.
INFO: [Ipptcl 7-1486] check_integrity: Integrity check passed.
INFO: [IP_Flow 19-234] Refreshing IP repositories
INFO: [IP_Flow 19-1700] Loaded user IP repository 'c:/Users/jojok/Desktop/university/Project/netlistCHSplit/ip/ChannelSplit/src/ip'.
WARNING: [IP_Flow 19-3656] If you move the project, the path for repository 'c:/Users/jojok/Desktop/university/Project/netlistCHSplit/ip/ChannelSplit/src/ip' may become invalid. A better location for the repository would be in a path adjacent to the project. (Current project location is 'c:/Users/jojok/Desktop/university/Project/netlistCHSplit/ip/ChannelSplit/src/ip_catalog'.)
0
Wrote  : <C:\Users\jojok\Desktop\university\Project\netlistCHSplit\ip\ChannelSplit\src\ip_catalog\channelsplit.srcs\sources_1\bd\ChannelSplit_bd\ChannelSplit_bd.bd> 
create_bd_design: Time (s): cpu = 00:00:01 ; elapsed = 00:00:08 . Memory (MB): peak = 653.809 ; gain = 0.000
WARNING: [BD 5-670] It is required to provide a frequency value for a user created input clock port. Please use the <-freq_hz $freq_val> argument of the create_bd_port command. ie create_bd_port -dir I -type clk -freq_hz 100000000 clkin
INFO: [BD 41-759] The input pins (listed below) are either not connected or do not have a source port, and they don't have a tie-off specified. These pins are tied-off to all 0's to avoid error in Implementation flow.
Please check your design and connect them as needed: 
/ChannelSplit_1/s_axis_tvalid

Wrote  : <C:\Users\jojok\Desktop\university\Project\netlistCHSplit\ip\ChannelSplit\src\ip_catalog\channelsplit.srcs\sources_1\bd\ChannelSplit_bd\ChannelSplit_bd.bd> 
CRITICAL WARNING: [filemgmt 20-1702] Unable to set property on the file: C:/Users/jojok/Desktop/university/Project/netlistCHSplit/ip/ChannelSplit/src/ip_catalog/channelsplit.gen/sources_1/bd/ChannelSplit_bd/synth/ChannelSplit_bd.vhd
File is managed as part of sub-design (IP, Block Design, DSP Design, etc.) file: C:/Users/jojok/Desktop/university/Project/netlistCHSplit/ip/ChannelSplit/src/ip_catalog/channelsplit.srcs/sources_1/bd/ChannelSplit_bd/ChannelSplit_bd.bd
CRITICAL WARNING: [filemgmt 20-1702] Unable to set property on the file: C:/Users/jojok/Desktop/university/Project/netlistCHSplit/ip/ChannelSplit/src/ip_catalog/channelsplit.gen/sources_1/bd/ChannelSplit_bd/sim/ChannelSplit_bd.vhd
File is managed as part of sub-design (IP, Block Design, DSP Design, etc.) file: C:/Users/jojok/Desktop/university/Project/netlistCHSplit/ip/ChannelSplit/src/ip_catalog/channelsplit.srcs/sources_1/bd/ChannelSplit_bd/ChannelSplit_bd.bd
update_compile_order: Time (s): cpu = 00:00:00 ; elapsed = 00:00:06 . Memory (MB): peak = 898.477 ; gain = 0.000
INFO: [Common 17-206] Exiting Vivado at Sun Apr 13 03:22:30 2025...
