#-----------------------------------------------------------
# Vivado v2024.1 (64-bit)
# SW Build 5076996 on Wed May 22 18:37:14 MDT 2024
# IP Build 5075265 on Wed May 22 21:45:21 MDT 2024
# SharedData Build 5076995 on Wed May 22 18:29:18 MDT 2024
# Start of session at: Sun Apr 13 02:57:13 2025
# Process ID: 13632
# Current directory: C:/Users/jojok/Desktop/university/Project/netlistFullED/ip/EnergyDetect/src
# Command line: vivado.exe -mode batch -source ProjectGeneration.tcl -notrace
# Log file: C:/Users/jojok/Desktop/university/Project/netlistFullED/ip/EnergyDetect/src/vivado.log
# Journal file: C:/Users/jojok/Desktop/university/Project/netlistFullED/ip/EnergyDetect/src\vivado.jou
# Running On        :DESKTOP-A4M58OC
# Platform          :Windows Server 2016 or Windows 10
# Operating System  :19045
# Processor Detail  :Intel(R) Core(TM) i5-6500 CPU @ 3.20GHz
# CPU Frequency     :3192 MHz
# CPU Physical cores:4
# CPU Logical cores :4
# Host memory       :17133 MB
# Swap memory       :26843 MB
# Total Virtual     :43976 MB
# Available Virtual :12090 MB
#-----------------------------------------------------------
source ProjectGeneration.tcl -notrace
INFO: [ProjectBase 1-489] The host OS only allows 260 characters in a normal path. The project is stored in a path with more than 80 characters. If you experience issues with IP, Block Designs, or files not being found, please consider moving the project to a location with a shorter path. Alternately consider using the OS subst command to map part of the path to a drive letter.
Current project path is 'C:/Users/jojok/Desktop/university/Project/netlistFullED/ip/EnergyDetect/src/ip_catalog'
create_project: Time (s): cpu = 00:00:10 ; elapsed = 00:00:13 . Memory (MB): peak = 507.418 ; gain = 196.242
WARNING: [Coretcl 2-176] No IPs found
INFO: [IP_Flow 19-234] Refreshing IP repositories
INFO: [IP_Flow 19-1704] No user IP repositories specified
INFO: [IP_Flow 19-2313] Loaded Vivado IP repository 'D:/XilinxAMD/Vivado/2024.1/data/ip'.
WARNING: [IP_Flow 19-4832] The IP name 'energydetect_c_counter_binary_v12_0_i0' you have specified is long. The Windows operating system has path length limitations. It is recommended you use shorter names to reduce the likelihood of issues.
WARNING: [Vivado 12-3523] Attempt to change 'Component_Name' from 'energydetect_c_counter_binary_v12_0_i0' to 'energydetect_c_counter_binary_v12_0_i0' is not allowed and is ignored.
WARNING: [IP_Flow 19-4832] The IP name 'energydetect_div_gen_v5_1_i0' you have specified is long. The Windows operating system has path length limitations. It is recommended you use shorter names to reduce the likelihood of issues.
WARNING: [Vivado 12-3523] Attempt to change 'Component_Name' from 'energydetect_div_gen_v5_1_i0' to 'energydetect_div_gen_v5_1_i0' is not allowed and is ignored.
WARNING: [IP_Flow 19-4832] The IP name 'energydetect_mult_gen_v12_0_i0' you have specified is long. The Windows operating system has path length limitations. It is recommended you use shorter names to reduce the likelihood of issues.
WARNING: [Vivado 12-3523] Attempt to change 'Component_Name' from 'energydetect_mult_gen_v12_0_i0' to 'energydetect_mult_gen_v12_0_i0' is not allowed and is ignored.
WARNING: [IP_Flow 19-4832] The IP name 'energydetect_xbip_multadd_v3_0_i0' you have specified is long. The Windows operating system has path length limitations. It is recommended you use shorter names to reduce the likelihood of issues.
WARNING: [Vivado 12-3523] Attempt to change 'Component_Name' from 'energydetect_xbip_multadd_v3_0_i0' to 'energydetect_xbip_multadd_v3_0_i0' is not allowed and is ignored.
WARNING: [IP_Flow 19-3374] An attempt to modify the value of disabled parameter 'c_ce_overrides_sclr' from '0' to '1' has been ignored for IP 'energydetect_xbip_multadd_v3_0_i0'
WARNING: [IP_Flow 19-4832] The IP name 'energydetect_dist_mem_gen_i0' you have specified is long. The Windows operating system has path length limitations. It is recommended you use shorter names to reduce the likelihood of issues.
WARNING: [Vivado 12-3523] Attempt to change 'Component_Name' from 'energydetect_dist_mem_gen_i0' to 'energydetect_dist_mem_gen_i0' is not allowed and is ignored.
WARNING: [IP_Flow 19-3374] An attempt to modify the value of disabled parameter 'ce_overrides' from 'ce_overrides_sync_controls' to 'sync_controls_overrides_ce' has been ignored for IP 'energydetect_dist_mem_gen_i0'
IP Repository Located at : D:/XilinxAMD/Vivado/2024.1/data/ip
INFO: [ProjectBase 1-489] The host OS only allows 260 characters in a normal path. The project is stored in a path with more than 80 characters. If you experience issues with IP, Block Designs, or files not being found, please consider moving the project to a location with a shorter path. Alternately consider using the OS subst command to map part of the path to a drive letter.
Current project path is 'C:/Users/jojok/Desktop/university/Project/netlistFullED/ip/EnergyDetect/src/ip_catalog'
Scanning sources...
Finished scanning sources
INFO: [IP_Flow 19-234] Refreshing IP repositories
INFO: [IP_Flow 19-1704] No user IP repositories specified
INFO: [IP_Flow 19-2313] Loaded Vivado IP repository 'D:/XilinxAMD/Vivado/2024.1/data/ip'.
Adding File c:/Users/jojok/Desktop/university/Project/netlistFullED/ip/EnergyDetect/src/ip_catalog/energydetect.srcs/sources_1/ip/energydetect_c_counter_binary_v12_0_i0/energydetect_c_counter_binary_v12_0_i0.xci
Adding File c:/Users/jojok/Desktop/university/Project/netlistFullED/ip/EnergyDetect/src/ip_catalog/energydetect.srcs/sources_1/ip/energydetect_dist_mem_gen_i0/energydetect_dist_mem_gen_i0.xci
Adding File c:/Users/jojok/Desktop/university/Project/netlistFullED/ip/EnergyDetect/src/ip_catalog/energydetect.srcs/sources_1/ip/energydetect_div_gen_v5_1_i0/energydetect_div_gen_v5_1_i0.xci
Adding File c:/Users/jojok/Desktop/university/Project/netlistFullED/ip/EnergyDetect/src/ip_catalog/energydetect.srcs/sources_1/ip/energydetect_mult_gen_v12_0_i0/energydetect_mult_gen_v12_0_i0.xci
Adding File c:/Users/jojok/Desktop/university/Project/netlistFullED/ip/EnergyDetect/src/ip_catalog/energydetect.srcs/sources_1/ip/energydetect_xbip_multadd_v3_0_i0/energydetect_xbip_multadd_v3_0_i0.xci
Adding File C:/Users/jojok/Desktop/university/Project/netlistFullED/ip/EnergyDetect/src/sysgen/energydetect.xdc
Adding File C:/Users/jojok/Desktop/university/Project/netlistFullED/ip/EnergyDetect/src/sysgen/energydetect_dist_mem_gen_i0_vivado.coe
INFO: [IP_Flow 19-5107] Inferred bus interface 'm_axis' of definition 'xilinx.com:interface:axis:1.0' (from TCL Argument).
INFO: [IP_Flow 19-5107] Inferred bus interface 's_axis' of definition 'xilinx.com:interface:axis:1.0' (from TCL Argument).
INFO: [IP_Flow 19-5107] Inferred bus interface 'clk' of definition 'xilinx.com:signal:clock:1.0' (from TCL Argument).
INFO: [IP_Flow 19-4728] Bus Interface 'clk': Added interface parameter 'ASSOCIATED_BUSIF' with value 'm_axis'.
WARNING: [IP_Flow 19-11770] Clock interface 'clk' has no FREQ_HZ parameter.
INFO: [IP_Flow 19-2181] Payment is not required for this core.
WARNING: [IP_Flow 19-2187] The Product Guide file is missing.
INFO: [Ipptcl 7-1486] check_integrity: Integrity check passed.
INFO: [IP_Flow 19-234] Refreshing IP repositories
INFO: [IP_Flow 19-1700] Loaded user IP repository 'c:/Users/jojok/Desktop/university/Project/netlistFullED/ip/EnergyDetect/src/ip'.
WARNING: [IP_Flow 19-3656] If you move the project, the path for repository 'c:/Users/jojok/Desktop/university/Project/netlistFullED/ip/EnergyDetect/src/ip' may become invalid. A better location for the repository would be in a path adjacent to the project. (Current project location is 'c:/Users/jojok/Desktop/university/Project/netlistFullED/ip/EnergyDetect/src/ip_catalog'.)
0
Wrote  : <C:\Users\jojok\Desktop\university\Project\netlistFullED\ip\EnergyDetect\src\ip_catalog\energydetect.srcs\sources_1\bd\EnergyDetect_bd\EnergyDetect_bd.bd> 
WARNING: [BD 5-670] It is required to provide a frequency value for a user created input clock port. Please use the <-freq_hz $freq_val> argument of the create_bd_port command. ie create_bd_port -dir I -type clk -freq_hz 100000000 clkin
INFO: [BD 41-759] The input pins (listed below) are either not connected or do not have a source port, and they don't have a tie-off specified. These pins are tied-off to all 0's to avoid error in Implementation flow.
Please check your design and connect them as needed: 
/EnergyDetect_1/s_axis_tvalid

Wrote  : <C:\Users\jojok\Desktop\university\Project\netlistFullED\ip\EnergyDetect\src\ip_catalog\energydetect.srcs\sources_1\bd\EnergyDetect_bd\EnergyDetect_bd.bd> 
CRITICAL WARNING: [filemgmt 20-1702] Unable to set property on the file: C:/Users/jojok/Desktop/university/Project/netlistFullED/ip/EnergyDetect/src/ip_catalog/energydetect.gen/sources_1/bd/EnergyDetect_bd/synth/EnergyDetect_bd.vhd
File is managed as part of sub-design (IP, Block Design, DSP Design, etc.) file: C:/Users/jojok/Desktop/university/Project/netlistFullED/ip/EnergyDetect/src/ip_catalog/energydetect.srcs/sources_1/bd/EnergyDetect_bd/EnergyDetect_bd.bd
CRITICAL WARNING: [filemgmt 20-1702] Unable to set property on the file: C:/Users/jojok/Desktop/university/Project/netlistFullED/ip/EnergyDetect/src/ip_catalog/energydetect.gen/sources_1/bd/EnergyDetect_bd/sim/EnergyDetect_bd.vhd
File is managed as part of sub-design (IP, Block Design, DSP Design, etc.) file: C:/Users/jojok/Desktop/university/Project/netlistFullED/ip/EnergyDetect/src/ip_catalog/energydetect.srcs/sources_1/bd/EnergyDetect_bd/EnergyDetect_bd.bd
update_compile_order: Time (s): cpu = 00:00:00 ; elapsed = 00:00:14 . Memory (MB): peak = 833.121 ; gain = 0.000
INFO: [Common 17-206] Exiting Vivado at Sun Apr 13 02:58:02 2025...
